D:\CODE\SIMPLEST_FFMPEG_PLAYER_2.5\DEBUG\SIMPLEST_FFMPEG_PLAYER2.EXE
D:\CODE\SIMPLEST_FFMPEG_PLAYER_2.5\DEBUG\SIMPLEST_FFMPEG_PLAYER2.ILK
D:\CODE\SIMPLEST_FFMPEG_PLAYER_2.5\DEBUG\SIMPLEST_FFMPEG_PLAYER2.PDB
D:\code\simplest_ffmpeg_player_2.5\simplest_ffmpeg_player\Debug\cl.command.1.tlog
D:\code\simplest_ffmpeg_player_2.5\simplest_ffmpeg_player\Debug\CL.read.1.tlog
D:\code\simplest_ffmpeg_player_2.5\simplest_ffmpeg_player\Debug\CL.write.1.tlog
D:\code\simplest_ffmpeg_player_2.5\simplest_ffmpeg_player\Debug\link.7472.read.1.tlog
D:\code\simplest_ffmpeg_player_2.5\simplest_ffmpeg_player\Debug\link.7472.write.1.tlog
D:\code\simplest_ffmpeg_player_2.5\simplest_ffmpeg_player\Debug\link.7472-cvtres.read.1.tlog
D:\code\simplest_ffmpeg_player_2.5\simplest_ffmpeg_player\Debug\link.7472-cvtres.write.1.tlog
D:\code\simplest_ffmpeg_player_2.5\simplest_ffmpeg_player\Debug\link.command.1.tlog
D:\code\simplest_ffmpeg_player_2.5\simplest_ffmpeg_player\Debug\link.read.1.tlog
D:\code\simplest_ffmpeg_player_2.5\simplest_ffmpeg_player\Debug\link.write.1.tlog
D:\code\simplest_ffmpeg_player_2.5\simplest_ffmpeg_player\Debug\link-cvtres.read.1.tlog
D:\code\simplest_ffmpeg_player_2.5\simplest_ffmpeg_player\Debug\link-cvtres.write.1.tlog
D:\code\simplest_ffmpeg_player_2.5\simplest_ffmpeg_player\Debug\mt.command.1.tlog
D:\code\simplest_ffmpeg_player_2.5\simplest_ffmpeg_player\Debug\mt.read.1.tlog
D:\code\simplest_ffmpeg_player_2.5\simplest_ffmpeg_player\Debug\mt.write.1.tlog
D:\code\simplest_ffmpeg_player_2.5\simplest_ffmpeg_player\Debug\rc.command.1.tlog
D:\code\simplest_ffmpeg_player_2.5\simplest_ffmpeg_player\Debug\rc.read.1.tlog
D:\code\simplest_ffmpeg_player_2.5\simplest_ffmpeg_player\Debug\rc.write.1.tlog
D:\CODE\SIMPLEST_FFMPEG_PLAYER_2.5\SIMPLEST_FFMPEG_PLAYER\DEBUG\SIMPLEST_FFMPEG_PLAYER.OBJ
D:\code\simplest_ffmpeg_player_2.5\simplest_ffmpeg_player\Debug\simplest_ffmpeg_player.vcxprojResolveAssemblyReference.cache
D:\CODE\SIMPLEST_FFMPEG_PLAYER_2.5\SIMPLEST_FFMPEG_PLAYER\DEBUG\SIMPLEST_FFMPEG_PLAYER2.EXE.EMBED.MANIFEST
D:\CODE\SIMPLEST_FFMPEG_PLAYER_2.5\SIMPLEST_FFMPEG_PLAYER\DEBUG\SIMPLEST_FFMPEG_PLAYER2.EXE.EMBED.MANIFEST.RES
D:\CODE\SIMPLEST_FFMPEG_PLAYER_2.5\SIMPLEST_FFMPEG_PLAYER\DEBUG\SIMPLEST_FFMPEG_PLAYER2.EXE.INTERMEDIATE.MANIFEST
D:\code\simplest_ffmpeg_player_2.5\simplest_ffmpeg_player\Debug\simplest_ffmpeg_player2.write.1.tlog
D:\code\simplest_ffmpeg_player_2.5\simplest_ffmpeg_player\Debug\simplest_ffmpeg_player2_manifest.rc
D:\code\simplest_ffmpeg_player_2.5\simplest_ffmpeg_player\Debug\vc100.idb
D:\CODE\SIMPLEST_FFMPEG_PLAYER_2.5\SIMPLEST_FFMPEG_PLAYER\DEBUG\VC100.PDB
